[INFO] Scanning for projects...
[INFO] 
[INFO] --------------------------< com.example:blog >--------------------------
[INFO] Building blog 0.0.1-SNAPSHOT
[INFO]   from pom.xml
[INFO] --------------------------------[ jar ]---------------------------------
[INFO] 
[INFO] >>> spring-boot:3.2.0:run (default-cli) > test-compile @ blog >>>
[INFO] 
[INFO] --- resources:3.3.1:resources (default-resources) @ blog ---
[INFO] Copying 1 resource from src\main\resources to target\classes
[INFO] Copying 8 resources from src\main\resources to target\classes
[INFO] 
[INFO] --- compiler:3.11.0:compile (default-compile) @ blog ---
[INFO] Nothing to compile - all classes are up to date
[INFO] 
[INFO] --- resources:3.3.1:testResources (default-testResources) @ blog ---
[INFO] skip non existing resourceDirectory C:\Users\23717\Documents\trae_projects\blog\src\test\resources
[INFO] 
[INFO] --- compiler:3.11.0:testCompile (default-testCompile) @ blog ---
[INFO] Nothing to compile - all classes are up to date
[INFO] 
[INFO] <<< spring-boot:3.2.0:run (default-cli) < test-compile @ blog <<<
[INFO] 
[INFO] 
[INFO] --- spring-boot:3.2.0:run (default-cli) @ blog ---
[INFO] Attaching agents: []

  .   ____          _            __ _ _
 /\\ / ___'_ __ _ _(_)_ __  __ _ \ \ \ \
( ( )\___ | '_ | '_| | '_ \/ _` | \ \ \ \
 \\/  ___)| |_)| | | | | || (_| |  ) ) ) )
  '  |____| .__|_| |_|_| |_\__, | / / / /
 =========|_|==============|___/=/_/_/_/
 :: Spring Boot ::                (v3.2.0)

2025-12-16T23:30:37.364+08:00  INFO 19820 --- [           main] com.example.blog.BlogApplication         : Starting BlogApplication using Java 17.0.15 with PID 19820 (C:\Users\23717\Documents\trae_projects\blog\target\classes started by 23717 in C:\Users\23717\Documents\trae_projects\blog)
2025-12-16T23:30:37.366+08:00  INFO 19820 --- [           main] com.example.blog.BlogApplication         : No active profile set, falling back to 1 default profile: "default"
2025-12-16T23:30:37.722+08:00  INFO 19820 --- [           main] .s.d.r.c.RepositoryConfigurationDelegate : Bootstrapping Spring Data JPA repositories in DEFAULT mode.
2025-12-16T23:30:37.761+08:00  INFO 19820 --- [           main] .s.d.r.c.RepositoryConfigurationDelegate : Finished Spring Data repository scanning in 27 ms. Found 2 JPA repository interfaces.
2025-12-16T23:30:38.095+08:00  INFO 19820 --- [           main] o.s.b.w.embedded.tomcat.TomcatWebServer  : Tomcat initialized with port 8081 (http)
2025-12-16T23:30:38.111+08:00  INFO 19820 --- [           main] o.apache.catalina.core.StandardService   : Starting service [Tomcat]
2025-12-16T23:30:38.111+08:00  INFO 19820 --- [           main] o.apache.catalina.core.StandardEngine    : Starting Servlet engine: [Apache Tomcat/10.1.16]
2025-12-16T23:30:38.146+08:00  INFO 19820 --- [           main] o.a.c.c.C.[Tomcat].[localhost].[/]       : Initializing Spring embedded WebApplicationContext
2025-12-16T23:30:38.147+08:00  INFO 19820 --- [           main] w.s.c.ServletWebServerApplicationContext : Root WebApplicationContext: initialization completed in 751 ms
2025-12-16T23:30:38.164+08:00  INFO 19820 --- [           main] com.zaxxer.hikari.HikariDataSource       : HikariPool-1 - Starting...
2025-12-16T23:30:38.272+08:00  INFO 19820 --- [           main] com.zaxxer.hikari.pool.HikariPool        : HikariPool-1 - Added connection conn0: url=jdbc:h2:mem:blogdb user=ROOT
2025-12-16T23:30:38.273+08:00  INFO 19820 --- [           main] com.zaxxer.hikari.HikariDataSource       : HikariPool-1 - Start completed.
2025-12-16T23:30:38.279+08:00  INFO 19820 --- [           main] o.s.b.a.h2.H2ConsoleAutoConfiguration    : H2 console available at '/h2-console'. Database available at 'jdbc:h2:mem:blogdb'
2025-12-16T23:30:38.350+08:00  INFO 19820 --- [           main] o.hibernate.jpa.internal.util.LogHelper  : HHH000204: Processing PersistenceUnitInfo [name: default]
2025-12-16T23:30:38.379+08:00  INFO 19820 --- [           main] org.hibernate.Version                    : HHH000412: Hibernate ORM core version 6.3.1.Final
2025-12-16T23:30:38.400+08:00  INFO 19820 --- [           main] o.h.c.internal.RegionFactoryInitiator    : HHH000026: Second-level cache disabled
2025-12-16T23:30:38.525+08:00  INFO 19820 --- [           main] o.s.o.j.p.SpringPersistenceUnitInfo      : No LoadTimeWeaver setup: ignoring JPA class transformer
2025-12-16T23:30:38.548+08:00  WARN 19820 --- [           main] org.hibernate.orm.deprecation            : HHH90000025: H2Dialect does not need to be specified explicitly using 'hibernate.dialect' (remove the property setting and it will be selected by default)
2025-12-16T23:30:39.019+08:00  INFO 19820 --- [           main] o.h.e.t.j.p.i.JtaPlatformInitiator       : HHH000489: No JTA platform available (set 'hibernate.transaction.jta.platform' to enable JTA platform integration)
Hibernate: drop table if exists posts cascade 
Hibernate: drop table if exists users cascade 
Hibernate: create table posts (author_id bigint not null, created_at timestamp(6), id bigint generated by default as identity, updated_at timestamp(6), content TEXT, title varchar(255) not null, primary key (id))
Hibernate: create table users (created_at timestamp(6), id bigint generated by default as identity, email varchar(255) not null, password varchar(255) not null, username varchar(255) not null unique, primary key (id))
Hibernate: alter table if exists posts add constraint FK6xvn0811tkyo3nfjk2xvqx6ns foreign key (author_id) references users
2025-12-16T23:30:39.052+08:00  INFO 19820 --- [           main] j.LocalContainerEntityManagerFactoryBean : Initialized JPA EntityManagerFactory for persistence unit 'default'
2025-12-16T23:30:39.269+08:00  INFO 19820 --- [           main] o.s.d.j.r.query.QueryEnhancerFactory     : Hibernate is in classpath; If applicable, HQL parser will be used.
2025-12-16T23:30:39.479+08:00  WARN 19820 --- [           main] JpaBaseConfiguration$JpaWebConfiguration : spring.jpa.open-in-view is enabled by default. Therefore, database queries may be performed during view rendering. Explicitly configure spring.jpa.open-in-view to disable this warning
2025-12-16T23:30:39.585+08:00  INFO 19820 --- [           main] o.s.b.a.w.s.WelcomePageHandlerMapping    : Adding welcome page template: index
2025-12-16T23:30:39.688+08:00  INFO 19820 --- [           main] o.s.s.web.DefaultSecurityFilterChain     : Will secure any request with [org.springframework.security.web.session.DisableEncodeUrlFilter@5988e36e, org.springframework.security.web.context.request.async.WebAsyncManagerIntegrationFilter@4194a77f, org.springframework.security.web.context.SecurityContextHolderFilter@5295779, org.springframework.security.web.header.HeaderWriterFilter@40a360e6, org.springframework.web.filter.CorsFilter@3c55e9d4, org.springframework.security.web.csrf.CsrfFilter@60abe420, org.springframework.security.web.authentication.logout.LogoutFilter@1b7648f, org.springframework.security.web.authentication.UsernamePasswordAuthenticationFilter@2afe263, org.springframework.security.web.savedrequest.RequestCacheAwareFilter@200cbb63, org.springframework.security.web.servletapi.SecurityContextHolderAwareRequestFilter@35ab83a7, org.springframework.security.web.authentication.AnonymousAuthenticationFilter@2acbbee4, org.springframework.security.web.access.ExceptionTranslationFilter@2292e793, org.springframework.security.web.access.intercept.AuthorizationFilter@609f136b]
2025-12-16T23:30:39.920+08:00  INFO 19820 --- [           main] o.s.b.w.embedded.tomcat.TomcatWebServer  : Tomcat started on port 8081 (http) with context path ''
2025-12-16T23:30:39.926+08:00  INFO 19820 --- [           main] com.example.blog.BlogApplication         : Started BlogApplication in 2.774 seconds (process running for 2.961)
Hibernate: select u1_0.id,u1_0.created_at,u1_0.email,u1_0.password,u1_0.username from users u1_0
Hibernate: insert into users (created_at,email,password,username,id) values (?,?,?,?,default)
Hibernate: insert into users (created_at,email,password,username,id) values (?,?,?,?,default)
Hibernate: insert into posts (author_id,content,created_at,title,updated_at,id) values (?,?,?,?,?,default)
Hibernate: insert into posts (author_id,content,created_at,title,updated_at,id) values (?,?,?,?,?,default)
Hibernate: insert into posts (author_id,content,created_at,title,updated_at,id) values (?,?,?,?,?,default)
2025-12-16T23:30:58.412+08:00  INFO 19820 --- [nio-8081-exec-1] o.a.c.c.C.[Tomcat].[localhost].[/]       : Initializing Spring DispatcherServlet 'dispatcherServlet'
2025-12-16T23:30:58.413+08:00  INFO 19820 --- [nio-8081-exec-1] o.s.web.servlet.DispatcherServlet        : Initializing Servlet 'dispatcherServlet'
2025-12-16T23:30:58.414+08:00  INFO 19820 --- [nio-8081-exec-1] o.s.web.servlet.DispatcherServlet        : Completed initialization in 1 ms
2025-12-16T23:30:58.421+08:00  WARN 19820 --- [nio-8081-exec-1] o.s.w.s.h.HandlerMappingIntrospector     : Cache miss for REQUEST dispatch to '/' (previous null). Performing CorsConfiguration lookup. This is logged once only at WARN level, and every time at TRACE.
2025-12-16T23:30:58.433+08:00  WARN 19820 --- [nio-8081-exec-1] o.s.w.s.h.HandlerMappingIntrospector     : Cache miss for REQUEST dispatch to '/' (previous null). Performing MatchableHandlerMapping lookup. This is logged once only at WARN level, and every time at TRACE.
Hibernate: select p1_0.id,p1_0.author_id,p1_0.content,p1_0.created_at,p1_0.title,p1_0.updated_at from posts p1_0 order by p1_0.created_at desc
Hibernate: select u1_0.id,u1_0.created_at,u1_0.email,u1_0.password,u1_0.username from users u1_0 where u1_0.id=?
Hibernate: select u1_0.id,u1_0.created_at,u1_0.email,u1_0.password,u1_0.username from users u1_0 where u1_0.id=?
Hibernate: select u1_0.id,u1_0.created_at,u1_0.email,u1_0.password,u1_0.username from users u1_0 where u1_0.username=?
Hibernate: select u1_0.id,u1_0.created_at,u1_0.email,u1_0.password,u1_0.username from users u1_0 where u1_0.email=?
Hibernate: insert into users (created_at,email,password,username,id) values (?,?,?,?,default)
Hibernate: select u1_0.id,u1_0.created_at,u1_0.email,u1_0.password,u1_0.username from users u1_0 where u1_0.username=?
[INFO] ------------------------------------------------------------------------
[INFO] BUILD FAILURE
[INFO] ------------------------------------------------------------------------
[INFO] Total time:  03:50 min
[INFO] Finished at: 2025-12-16T23:34:26+08:00
[INFO] ------------------------------------------------------------------------
[ERROR] Failed to execute goal org.springframework.boot:spring-boot-maven-plugin:3.2.0:run (default-cli) on project blog: Process terminated with exit code: 1 -> [Help 1]
[ERROR] 
[ERROR] To see the full stack trace of the errors, re-run Maven with the -e switch.
[ERROR] Re-run Maven using the -X switch to enable full debug logging.
[ERROR] 
[ERROR] For more information about the errors and possible solutions, please read the following articles:
[ERROR] [Help 1] http://cwiki.apache.org/confluence/display/MAVEN/MojoExecutionException
